[0.244s] DEBUG:colcon:Command line arguments: ['/usr/bin/colcon', 'build', '--packages-select', 'ros2_robot_monitor']
[0.244s] DEBUG:colcon:Parsed command line arguments: Namespace(log_base=None, log_level=None, verb_name='build', build_base='build', install_base='install', merge_install=False, symlink_install=False, test_result_base=None, continue_on_error=False, executor='parallel', parallel_workers=12, event_handlers=None, ignore_user_meta=False, metas=['./colcon.meta'], base_paths=['.'], packages_ignore=None, packages_ignore_regex=None, paths=None, packages_up_to=None, packages_up_to_regex=None, packages_above=None, packages_above_and_dependencies=None, packages_above_depth=None, packages_select_by_dep=None, packages_skip_by_dep=None, packages_skip_up_to=None, packages_select_build_failed=False, packages_skip_build_finished=False, packages_select_test_failures=False, packages_skip_test_passed=False, packages_select=['ros2_robot_monitor'], packages_skip=None, packages_select_regex=None, packages_skip_regex=None, packages_start=None, packages_end=None, allow_overriding=[], cmake_args=None, cmake_target=None, cmake_target_skip_unavailable=False, cmake_clean_cache=False, cmake_clean_first=False, cmake_force_configure=False, ament_cmake_args=None, catkin_cmake_args=None, catkin_skip_building_tests=False, mixin_files=None, mixin=None, verb_parser=<colcon_mixin.mixin.mixin_argument.MixinArgumentDecorator object at 0x7bb081bc6300>, verb_extension=<colcon_core.verb.build.BuildVerb object at 0x7bb08221afc0>, main=<bound method BuildVerb.main of <colcon_core.verb.build.BuildVerb object at 0x7bb08221afc0>>, mixin_verb=('build',))
[0.283s] Level 1:colcon.colcon_core.package_discovery:discover_packages(colcon_meta) check parameters
[0.283s] Level 1:colcon.colcon_core.package_discovery:discover_packages(recursive) check parameters
[0.283s] Level 1:colcon.colcon_core.package_discovery:discover_packages(ignore) check parameters
[0.283s] Level 1:colcon.colcon_core.package_discovery:discover_packages(path) check parameters
[0.283s] Level 1:colcon.colcon_core.package_discovery:discover_packages(colcon_meta) discover
[0.283s] Level 1:colcon.colcon_core.package_discovery:discover_packages(recursive) discover
[0.283s] INFO:colcon.colcon_core.package_discovery:Crawling recursively for packages in '/home/dingo/Programming/ros2-robot-monitor'
[0.283s] Level 1:colcon.colcon_core.package_identification:_identify(.) by extensions ['ignore', 'ignore_ament_install']
[0.283s] Level 1:colcon.colcon_core.package_identification:_identify(.) by extension 'ignore'
[0.283s] Level 1:colcon.colcon_core.package_identification:_identify(.) by extension 'ignore_ament_install'
[0.283s] Level 1:colcon.colcon_core.package_identification:_identify(.) by extensions ['colcon_pkg']
[0.283s] Level 1:colcon.colcon_core.package_identification:_identify(.) by extension 'colcon_pkg'
[0.283s] Level 1:colcon.colcon_core.package_identification:_identify(.) by extensions ['colcon_meta']
[0.283s] Level 1:colcon.colcon_core.package_identification:_identify(.) by extension 'colcon_meta'
[0.284s] Level 1:colcon.colcon_core.package_identification:_identify(.) by extensions ['ros']
[0.284s] Level 1:colcon.colcon_core.package_identification:_identify(.) by extension 'ros'
[0.317s] DEBUG:colcon.colcon_core.package_identification:Package '.' with type 'ros.ament_cmake' and name 'ros2_robot_monitor'
[0.317s] Level 1:colcon.colcon_core.package_discovery:discover_packages(recursive) using defaults
[0.317s] Level 1:colcon.colcon_core.package_discovery:discover_packages(ignore) discover
[0.317s] Level 1:colcon.colcon_core.package_discovery:discover_packages(ignore) using defaults
[0.317s] Level 1:colcon.colcon_core.package_discovery:discover_packages(path) discover
[0.317s] Level 1:colcon.colcon_core.package_discovery:discover_packages(path) using defaults
[0.340s] Level 1:colcon.colcon_core.package_discovery:discover_packages(prefix_path) check parameters
[0.340s] Level 1:colcon.colcon_core.package_discovery:discover_packages(prefix_path) discover
[0.343s] DEBUG:colcon.colcon_installed_package_information.package_discovery:Found 285 installed packages in /opt/ros/jazzy
[0.344s] Level 1:colcon.colcon_core.package_discovery:discover_packages(prefix_path) using defaults
[0.382s] Level 5:colcon.colcon_core.verb:set package 'ros2_robot_monitor' build argument 'cmake_args' from command line to 'None'
[0.382s] Level 5:colcon.colcon_core.verb:set package 'ros2_robot_monitor' build argument 'cmake_target' from command line to 'None'
[0.382s] Level 5:colcon.colcon_core.verb:set package 'ros2_robot_monitor' build argument 'cmake_target_skip_unavailable' from command line to 'False'
[0.382s] Level 5:colcon.colcon_core.verb:set package 'ros2_robot_monitor' build argument 'cmake_clean_cache' from command line to 'False'
[0.382s] Level 5:colcon.colcon_core.verb:set package 'ros2_robot_monitor' build argument 'cmake_clean_first' from command line to 'False'
[0.382s] Level 5:colcon.colcon_core.verb:set package 'ros2_robot_monitor' build argument 'cmake_force_configure' from command line to 'False'
[0.382s] Level 5:colcon.colcon_core.verb:set package 'ros2_robot_monitor' build argument 'ament_cmake_args' from command line to 'None'
[0.382s] Level 5:colcon.colcon_core.verb:set package 'ros2_robot_monitor' build argument 'catkin_cmake_args' from command line to 'None'
[0.382s] Level 5:colcon.colcon_core.verb:set package 'ros2_robot_monitor' build argument 'catkin_skip_building_tests' from command line to 'False'
[0.382s] DEBUG:colcon.colcon_core.verb:Building package 'ros2_robot_monitor' with the following arguments: {'ament_cmake_args': None, 'build_base': '/home/dingo/Programming/ros2-robot-monitor/build/ros2_robot_monitor', 'catkin_cmake_args': None, 'catkin_skip_building_tests': False, 'cmake_args': None, 'cmake_clean_cache': False, 'cmake_clean_first': False, 'cmake_force_configure': False, 'cmake_target': None, 'cmake_target_skip_unavailable': False, 'install_base': '/home/dingo/Programming/ros2-robot-monitor/install/ros2_robot_monitor', 'merge_install': False, 'path': '/home/dingo/Programming/ros2-robot-monitor', 'symlink_install': False, 'test_result_base': None}
[0.382s] INFO:colcon.colcon_core.executor:Executing jobs using 'parallel' executor
[0.383s] DEBUG:colcon.colcon_parallel_executor.executor.parallel:run_until_complete
[0.383s] INFO:colcon.colcon_ros.task.ament_cmake.build:Building ROS package in '/home/dingo/Programming/ros2-robot-monitor' with build type 'ament_cmake'
[0.383s] INFO:colcon.colcon_cmake.task.cmake.build:Building CMake package in '/home/dingo/Programming/ros2-robot-monitor'
[0.387s] INFO:colcon.colcon_core.plugin_system:Skipping extension 'colcon_core.shell.bat': Not used on non-Windows systems
[0.387s] INFO:colcon.colcon_core.shell:Skip shell extension 'powershell' for command environment: Not usable outside of PowerShell
[0.387s] DEBUG:colcon.colcon_core.shell:Skip shell extension 'dsv' for command environment
[0.394s] DEBUG:colcon.colcon_core.event_handler.log_command:Invoking command in '/home/dingo/Programming/ros2-robot-monitor/build/ros2_robot_monitor': CMAKE_PREFIX_PATH=${CMAKE_PREFIX_PATH}:/opt/ros/jazzy DEBUGINFOD_URLS=https://debuginfod.ubuntu.com /usr/bin/cmake --build /home/dingo/Programming/ros2-robot-monitor/build/ros2_robot_monitor -- -j12 -l12
[31.205s] Level 1:colcon.colcon_core.environment:create_environment_scripts_only(ros2_robot_monitor)
[31.207s] DEBUG:colcon.colcon_core.event_handler.log_command:Invoked command in '/home/dingo/Programming/ros2-robot-monitor/build/ros2_robot_monitor' returned '2': CMAKE_PREFIX_PATH=${CMAKE_PREFIX_PATH}:/opt/ros/jazzy DEBUGINFOD_URLS=https://debuginfod.ubuntu.com /usr/bin/cmake --build /home/dingo/Programming/ros2-robot-monitor/build/ros2_robot_monitor -- -j12 -l12
[31.214s] Level 1:colcon.colcon_core.environment:checking '/home/dingo/Programming/ros2-robot-monitor/install/ros2_robot_monitor' for CMake module files
[31.215s] Level 1:colcon.colcon_core.environment:checking '/home/dingo/Programming/ros2-robot-monitor/install/ros2_robot_monitor' for CMake config files
[31.215s] Level 1:colcon.colcon_core.environment:checking '/home/dingo/Programming/ros2-robot-monitor/install/ros2_robot_monitor/bin'
[31.215s] Level 1:colcon.colcon_core.environment:checking '/home/dingo/Programming/ros2-robot-monitor/install/ros2_robot_monitor/lib/pkgconfig/ros2_robot_monitor.pc'
[31.216s] Level 1:colcon.colcon_core.environment:checking '/home/dingo/Programming/ros2-robot-monitor/install/ros2_robot_monitor/lib/python3.12/site-packages'
[31.216s] Level 1:colcon.colcon_core.environment:checking '/home/dingo/Programming/ros2-robot-monitor/install/ros2_robot_monitor/bin'
[31.216s] INFO:colcon.colcon_core.shell:Creating package script '/home/dingo/Programming/ros2-robot-monitor/install/ros2_robot_monitor/share/ros2_robot_monitor/package.ps1'
[31.217s] INFO:colcon.colcon_core.shell:Creating package descriptor '/home/dingo/Programming/ros2-robot-monitor/install/ros2_robot_monitor/share/ros2_robot_monitor/package.dsv'
[31.218s] INFO:colcon.colcon_core.shell:Creating package script '/home/dingo/Programming/ros2-robot-monitor/install/ros2_robot_monitor/share/ros2_robot_monitor/package.sh'
[31.218s] INFO:colcon.colcon_core.shell:Creating package script '/home/dingo/Programming/ros2-robot-monitor/install/ros2_robot_monitor/share/ros2_robot_monitor/package.bash'
[31.219s] INFO:colcon.colcon_core.shell:Creating package script '/home/dingo/Programming/ros2-robot-monitor/install/ros2_robot_monitor/share/ros2_robot_monitor/package.zsh'
[31.220s] Level 1:colcon.colcon_core.environment:create_file_with_runtime_dependencies(/home/dingo/Programming/ros2-robot-monitor/install/ros2_robot_monitor/share/colcon-core/packages/ros2_robot_monitor)
[31.230s] DEBUG:colcon.colcon_parallel_executor.executor.parallel:closing loop
[31.231s] DEBUG:colcon.colcon_parallel_executor.executor.parallel:loop closed
[31.231s] DEBUG:colcon.colcon_parallel_executor.executor.parallel:run_until_complete finished with '2'
[31.231s] DEBUG:colcon.colcon_core.event_reactor:joining thread
[31.239s] INFO:colcon.colcon_core.plugin_system:Skipping extension 'colcon_notification.desktop_notification.terminal_notifier': Not used on non-Darwin systems
[31.239s] INFO:colcon.colcon_core.plugin_system:Skipping extension 'colcon_notification.desktop_notification.win32': Not used on non-Windows systems
[31.239s] INFO:colcon.colcon_notification.desktop_notification:Sending desktop notification using 'notify2'
[31.257s] DEBUG:colcon.colcon_core.event_reactor:joined thread
[31.257s] INFO:colcon.colcon_core.shell:Creating prefix script '/home/dingo/Programming/ros2-robot-monitor/install/local_setup.ps1'
[31.259s] INFO:colcon.colcon_core.shell:Creating prefix util module '/home/dingo/Programming/ros2-robot-monitor/install/_local_setup_util_ps1.py'
[31.260s] INFO:colcon.colcon_core.shell:Creating prefix chain script '/home/dingo/Programming/ros2-robot-monitor/install/setup.ps1'
[31.261s] INFO:colcon.colcon_core.shell:Creating prefix script '/home/dingo/Programming/ros2-robot-monitor/install/local_setup.sh'
[31.262s] INFO:colcon.colcon_core.shell:Creating prefix util module '/home/dingo/Programming/ros2-robot-monitor/install/_local_setup_util_sh.py'
[31.263s] INFO:colcon.colcon_core.shell:Creating prefix chain script '/home/dingo/Programming/ros2-robot-monitor/install/setup.sh'
[31.264s] INFO:colcon.colcon_core.shell:Creating prefix script '/home/dingo/Programming/ros2-robot-monitor/install/local_setup.bash'
[31.264s] INFO:colcon.colcon_core.shell:Creating prefix chain script '/home/dingo/Programming/ros2-robot-monitor/install/setup.bash'
[31.265s] INFO:colcon.colcon_core.shell:Creating prefix script '/home/dingo/Programming/ros2-robot-monitor/install/local_setup.zsh'
[31.265s] INFO:colcon.colcon_core.shell:Creating prefix chain script '/home/dingo/Programming/ros2-robot-monitor/install/setup.zsh'
