[0.013s] Invoking command in '/home/dingo/Programming/ros2-robot-monitor/build/ros2_robot_monitor': DEBUGINFOD_URLS=https://debuginfod.ubuntu.com /usr/bin/cmake /home/dingo/Programming/ros2-robot-monitor -DCMAKE_INSTALL_PREFIX=/home/dingo/Programming/ros2-robot-monitor/install/ros2_robot_monitor
[0.106s] -- The C compiler identification is GNU 13.3.0
[0.194s] -- The CXX compiler identification is GNU 13.3.0
[0.214s] -- Detecting C compiler ABI info
[0.304s] -- Detecting C compiler ABI info - done
[0.311s] -- Check for working C compiler: /usr/bin/cc - skipped
[0.311s] -- Detecting C compile features
[0.312s] -- Detecting C compile features - done
[0.321s] -- Detecting CXX compiler ABI info
[0.413s] -- Detecting CXX compiler ABI info - done
[0.423s] -- Check for working CXX compiler: /usr/bin/c++ - skipped
[0.423s] -- Detecting CXX compile features
[0.423s] -- Detecting CXX compile features - done
[0.434s] CMake Error at CMakeLists.txt:9 (find_package):
[0.434s]   By not providing "Findament_cmake.cmake" in CMAKE_MODULE_PATH this project
[0.435s]   has asked CMake to find a package configuration file provided by
[0.435s]   "ament_cmake", but CMake did not find one.
[0.435s] 
[0.435s]   Could not find a package configuration file provided by "ament_cmake" with
[0.435s]   any of the following names:
[0.435s] 
[0.435s]     ament_cmakeConfig.cmake
[0.435s]     ament_cmake-config.cmake
[0.435s] 
[0.435s]   Add the installation prefix of "ament_cmake" to CMAKE_PREFIX_PATH or set
[0.435s]   "ament_cmake_DIR" to a directory containing one of the above files.  If
[0.435s]   "ament_cmake" provides a separate development package or SDK, be sure it
[0.435s]   has been installed.
[0.436s] 
[0.436s] 
[0.436s] -- Configuring incomplete, errors occurred!
[0.438s] Invoked command in '/home/dingo/Programming/ros2-robot-monitor/build/ros2_robot_monitor' returned '1': DEBUGINFOD_URLS=https://debuginfod.ubuntu.com /usr/bin/cmake /home/dingo/Programming/ros2-robot-monitor -DCMAKE_INSTALL_PREFIX=/home/dingo/Programming/ros2-robot-monitor/install/ros2_robot_monitor
