[0.012s] Invoking command in '/home/dingo/Programming/ros2-robot-monitor/build/ros2_robot_monitor': CMAKE_PREFIX_PATH=${CMAKE_PREFIX_PATH}:/opt/ros/jazzy DEBUGINFOD_URLS=https://debuginfod.ubuntu.com /usr/bin/cmake --build /home/dingo/Programming/ros2-robot-monitor/build/ros2_robot_monitor -- -j12 -l12
[0.076s] [100%] Built target ros2_monitor
[0.085s] Invoked command in '/home/dingo/Programming/ros2-robot-monitor/build/ros2_robot_monitor' returned '0': CMAKE_PREFIX_PATH=${CMAKE_PREFIX_PATH}:/opt/ros/jazzy DEBUGINFOD_URLS=https://debuginfod.ubuntu.com /usr/bin/cmake --build /home/dingo/Programming/ros2-robot-monitor/build/ros2_robot_monitor -- -j12 -l12
[0.092s] Invoking command in '/home/dingo/Programming/ros2-robot-monitor/build/ros2_robot_monitor': CMAKE_PREFIX_PATH=${CMAKE_PREFIX_PATH}:/opt/ros/jazzy DEBUGINFOD_URLS=https://debuginfod.ubuntu.com /usr/bin/cmake --install /home/dingo/Programming/ros2-robot-monitor/build/ros2_robot_monitor
[0.098s] -- Install configuration: ""
[0.098s] -- Up-to-date: /home/dingo/Programming/ros2-robot-monitor/install/ros2_robot_monitor/lib/ros2_robot_monitor/ros2_monitor
[0.098s] -- Up-to-date: /home/dingo/Programming/ros2-robot-monitor/install/ros2_robot_monitor/share/ament_index/resource_index/package_run_dependencies/ros2_robot_monitor
[0.098s] -- Up-to-date: /home/dingo/Programming/ros2-robot-monitor/install/ros2_robot_monitor/share/ament_index/resource_index/parent_prefix_path/ros2_robot_monitor
[0.098s] -- Up-to-date: /home/dingo/Programming/ros2-robot-monitor/install/ros2_robot_monitor/share/ros2_robot_monitor/environment/ament_prefix_path.sh
[0.099s] -- Up-to-date: /home/dingo/Programming/ros2-robot-monitor/install/ros2_robot_monitor/share/ros2_robot_monitor/environment/ament_prefix_path.dsv
[0.099s] -- Up-to-date: /home/dingo/Programming/ros2-robot-monitor/install/ros2_robot_monitor/share/ros2_robot_monitor/environment/path.sh
[0.099s] -- Up-to-date: /home/dingo/Programming/ros2-robot-monitor/install/ros2_robot_monitor/share/ros2_robot_monitor/environment/path.dsv
[0.099s] -- Up-to-date: /home/dingo/Programming/ros2-robot-monitor/install/ros2_robot_monitor/share/ros2_robot_monitor/local_setup.bash
[0.099s] -- Up-to-date: /home/dingo/Programming/ros2-robot-monitor/install/ros2_robot_monitor/share/ros2_robot_monitor/local_setup.sh
[0.099s] -- Up-to-date: /home/dingo/Programming/ros2-robot-monitor/install/ros2_robot_monitor/share/ros2_robot_monitor/local_setup.zsh
[0.099s] -- Up-to-date: /home/dingo/Programming/ros2-robot-monitor/install/ros2_robot_monitor/share/ros2_robot_monitor/local_setup.dsv
[0.099s] -- Installing: /home/dingo/Programming/ros2-robot-monitor/install/ros2_robot_monitor/share/ros2_robot_monitor/package.dsv
[0.099s] -- Up-to-date: /home/dingo/Programming/ros2-robot-monitor/install/ros2_robot_monitor/share/ament_index/resource_index/packages/ros2_robot_monitor
[0.099s] -- Up-to-date: /home/dingo/Programming/ros2-robot-monitor/install/ros2_robot_monitor/share/ros2_robot_monitor/cmake/ros2_robot_monitorConfig.cmake
[0.100s] -- Up-to-date: /home/dingo/Programming/ros2-robot-monitor/install/ros2_robot_monitor/share/ros2_robot_monitor/cmake/ros2_robot_monitorConfig-version.cmake
[0.100s] -- Up-to-date: /home/dingo/Programming/ros2-robot-monitor/install/ros2_robot_monitor/share/ros2_robot_monitor/package.xml
[0.100s] Invoked command in '/home/dingo/Programming/ros2-robot-monitor/build/ros2_robot_monitor' returned '0': CMAKE_PREFIX_PATH=${CMAKE_PREFIX_PATH}:/opt/ros/jazzy DEBUGINFOD_URLS=https://debuginfod.ubuntu.com /usr/bin/cmake --install /home/dingo/Programming/ros2-robot-monitor/build/ros2_robot_monitor
