[0.012s] Invoking command in '/home/dingo/Programming/ros2-robot-monitor/build/ros2_robot_monitor': CMAKE_PREFIX_PATH=${CMAKE_PREFIX_PATH}:/opt/ros/jazzy DEBUGINFOD_URLS=https://debuginfod.ubuntu.com /usr/bin/cmake --build /home/dingo/Programming/ros2-robot-monitor/build/ros2_robot_monitor -- -j12 -l12
[0.091s] [ 75%] Building CXX object CMakeFiles/ros2_monitor.dir/src/monitor.cpp.o
[0.091s] [ 75%] Building CXX object CMakeFiles/ros2_monitor.dir/src/ncurses_display.cpp.o
[0.091s] [ 75%] Building CXX object CMakeFiles/ros2_monitor.dir/src/topic_monitor.cpp.o
[31.791s] [100%] Linking CXX executable ros2_monitor
[33.679s] [100%] Built target ros2_monitor
[33.692s] Invoked command in '/home/dingo/Programming/ros2-robot-monitor/build/ros2_robot_monitor' returned '0': CMAKE_PREFIX_PATH=${CMAKE_PREFIX_PATH}:/opt/ros/jazzy DEBUGINFOD_URLS=https://debuginfod.ubuntu.com /usr/bin/cmake --build /home/dingo/Programming/ros2-robot-monitor/build/ros2_robot_monitor -- -j12 -l12
[33.708s] Invoking command in '/home/dingo/Programming/ros2-robot-monitor/build/ros2_robot_monitor': CMAKE_PREFIX_PATH=${CMAKE_PREFIX_PATH}:/opt/ros/jazzy DEBUGINFOD_URLS=https://debuginfod.ubuntu.com /usr/bin/cmake --install /home/dingo/Programming/ros2-robot-monitor/build/ros2_robot_monitor
[33.718s] -- Install configuration: ""
[33.721s] -- Installing: /home/dingo/Programming/ros2-robot-monitor/install/ros2_robot_monitor/lib/ros2_robot_monitor/ros2_monitor
[33.749s] -- Set non-toolchain portion of runtime path of "/home/dingo/Programming/ros2-robot-monitor/install/ros2_robot_monitor/lib/ros2_robot_monitor/ros2_monitor" to ""
[33.749s] -- Up-to-date: /home/dingo/Programming/ros2-robot-monitor/install/ros2_robot_monitor/share/ament_index/resource_index/package_run_dependencies/ros2_robot_monitor
[33.749s] -- Up-to-date: /home/dingo/Programming/ros2-robot-monitor/install/ros2_robot_monitor/share/ament_index/resource_index/parent_prefix_path/ros2_robot_monitor
[33.749s] -- Up-to-date: /home/dingo/Programming/ros2-robot-monitor/install/ros2_robot_monitor/share/ros2_robot_monitor/environment/ament_prefix_path.sh
[33.749s] -- Up-to-date: /home/dingo/Programming/ros2-robot-monitor/install/ros2_robot_monitor/share/ros2_robot_monitor/environment/ament_prefix_path.dsv
[33.749s] -- Up-to-date: /home/dingo/Programming/ros2-robot-monitor/install/ros2_robot_monitor/share/ros2_robot_monitor/environment/path.sh
[33.749s] -- Up-to-date: /home/dingo/Programming/ros2-robot-monitor/install/ros2_robot_monitor/share/ros2_robot_monitor/environment/path.dsv
[33.749s] -- Up-to-date: /home/dingo/Programming/ros2-robot-monitor/install/ros2_robot_monitor/share/ros2_robot_monitor/local_setup.bash
[33.750s] -- Up-to-date: /home/dingo/Programming/ros2-robot-monitor/install/ros2_robot_monitor/share/ros2_robot_monitor/local_setup.sh
[33.750s] -- Up-to-date: /home/dingo/Programming/ros2-robot-monitor/install/ros2_robot_monitor/share/ros2_robot_monitor/local_setup.zsh
[33.750s] -- Up-to-date: /home/dingo/Programming/ros2-robot-monitor/install/ros2_robot_monitor/share/ros2_robot_monitor/local_setup.dsv
[33.750s] -- Installing: /home/dingo/Programming/ros2-robot-monitor/install/ros2_robot_monitor/share/ros2_robot_monitor/package.dsv
[33.750s] -- Up-to-date: /home/dingo/Programming/ros2-robot-monitor/install/ros2_robot_monitor/share/ament_index/resource_index/packages/ros2_robot_monitor
[33.750s] -- Up-to-date: /home/dingo/Programming/ros2-robot-monitor/install/ros2_robot_monitor/share/ros2_robot_monitor/cmake/ros2_robot_monitorConfig.cmake
[33.750s] -- Up-to-date: /home/dingo/Programming/ros2-robot-monitor/install/ros2_robot_monitor/share/ros2_robot_monitor/cmake/ros2_robot_monitorConfig-version.cmake
[33.750s] -- Up-to-date: /home/dingo/Programming/ros2-robot-monitor/install/ros2_robot_monitor/share/ros2_robot_monitor/package.xml
[33.751s] Invoked command in '/home/dingo/Programming/ros2-robot-monitor/build/ros2_robot_monitor' returned '0': CMAKE_PREFIX_PATH=${CMAKE_PREFIX_PATH}:/opt/ros/jazzy DEBUGINFOD_URLS=https://debuginfod.ubuntu.com /usr/bin/cmake --install /home/dingo/Programming/ros2-robot-monitor/build/ros2_robot_monitor
