[0.018s] Invoking command in '/home/dingo/Programming/ros2-robot-monitor/build/ros2_robot_monitor': CMAKE_PREFIX_PATH=${CMAKE_PREFIX_PATH}:/opt/ros/jazzy DEBUGINFOD_URLS=https://debuginfod.ubuntu.com /usr/bin/cmake --build /home/dingo/Programming/ros2-robot-monitor/build/ros2_robot_monitor -- -j12 -l12
[0.088s] [ 25%] Building CXX object CMakeFiles/ros2_monitor.dir/src/topic_monitor.cpp.o
[0.089s] [ 50%] Building CXX object CMakeFiles/ros2_monitor.dir/src/ncurses_display.cpp.o
[0.089s] [ 75%] Building CXX object CMakeFiles/ros2_monitor.dir/src/monitor.cpp.o
[31.845s] [100%] Linking CXX executable ros2_monitor
[33.333s] [100%] Built target ros2_monitor
[33.345s] Invoked command in '/home/dingo/Programming/ros2-robot-monitor/build/ros2_robot_monitor' returned '0': CMAKE_PREFIX_PATH=${CMAKE_PREFIX_PATH}:/opt/ros/jazzy DEBUGINFOD_URLS=https://debuginfod.ubuntu.com /usr/bin/cmake --build /home/dingo/Programming/ros2-robot-monitor/build/ros2_robot_monitor -- -j12 -l12
[33.358s] Invoking command in '/home/dingo/Programming/ros2-robot-monitor/build/ros2_robot_monitor': CMAKE_PREFIX_PATH=${CMAKE_PREFIX_PATH}:/opt/ros/jazzy DEBUGINFOD_URLS=https://debuginfod.ubuntu.com /usr/bin/cmake --install /home/dingo/Programming/ros2-robot-monitor/build/ros2_robot_monitor
[33.365s] -- Install configuration: ""
[33.366s] -- Installing: /home/dingo/Programming/ros2-robot-monitor/install/ros2_robot_monitor/lib/ros2_robot_monitor/ros2_monitor
[33.406s] -- Set non-toolchain portion of runtime path of "/home/dingo/Programming/ros2-robot-monitor/install/ros2_robot_monitor/lib/ros2_robot_monitor/ros2_monitor" to ""
[33.406s] -- Up-to-date: /home/dingo/Programming/ros2-robot-monitor/install/ros2_robot_monitor/share/ament_index/resource_index/package_run_dependencies/ros2_robot_monitor
[33.407s] -- Up-to-date: /home/dingo/Programming/ros2-robot-monitor/install/ros2_robot_monitor/share/ament_index/resource_index/parent_prefix_path/ros2_robot_monitor
[33.407s] -- Up-to-date: /home/dingo/Programming/ros2-robot-monitor/install/ros2_robot_monitor/share/ros2_robot_monitor/environment/ament_prefix_path.sh
[33.407s] -- Up-to-date: /home/dingo/Programming/ros2-robot-monitor/install/ros2_robot_monitor/share/ros2_robot_monitor/environment/ament_prefix_path.dsv
[33.407s] -- Up-to-date: /home/dingo/Programming/ros2-robot-monitor/install/ros2_robot_monitor/share/ros2_robot_monitor/environment/path.sh
[33.407s] -- Up-to-date: /home/dingo/Programming/ros2-robot-monitor/install/ros2_robot_monitor/share/ros2_robot_monitor/environment/path.dsv
[33.407s] -- Up-to-date: /home/dingo/Programming/ros2-robot-monitor/install/ros2_robot_monitor/share/ros2_robot_monitor/local_setup.bash
[33.407s] -- Up-to-date: /home/dingo/Programming/ros2-robot-monitor/install/ros2_robot_monitor/share/ros2_robot_monitor/local_setup.sh
[33.407s] -- Up-to-date: /home/dingo/Programming/ros2-robot-monitor/install/ros2_robot_monitor/share/ros2_robot_monitor/local_setup.zsh
[33.407s] -- Up-to-date: /home/dingo/Programming/ros2-robot-monitor/install/ros2_robot_monitor/share/ros2_robot_monitor/local_setup.dsv
[33.407s] -- Installing: /home/dingo/Programming/ros2-robot-monitor/install/ros2_robot_monitor/share/ros2_robot_monitor/package.dsv
[33.408s] -- Up-to-date: /home/dingo/Programming/ros2-robot-monitor/install/ros2_robot_monitor/share/ament_index/resource_index/packages/ros2_robot_monitor
[33.408s] -- Up-to-date: /home/dingo/Programming/ros2-robot-monitor/install/ros2_robot_monitor/share/ros2_robot_monitor/cmake/ros2_robot_monitorConfig.cmake
[33.408s] -- Up-to-date: /home/dingo/Programming/ros2-robot-monitor/install/ros2_robot_monitor/share/ros2_robot_monitor/cmake/ros2_robot_monitorConfig-version.cmake
[33.408s] -- Up-to-date: /home/dingo/Programming/ros2-robot-monitor/install/ros2_robot_monitor/share/ros2_robot_monitor/package.xml
[33.409s] Invoked command in '/home/dingo/Programming/ros2-robot-monitor/build/ros2_robot_monitor' returned '0': CMAKE_PREFIX_PATH=${CMAKE_PREFIX_PATH}:/opt/ros/jazzy DEBUGINFOD_URLS=https://debuginfod.ubuntu.com /usr/bin/cmake --install /home/dingo/Programming/ros2-robot-monitor/build/ros2_robot_monitor
