[0.010s] Invoking command in '/home/dingo/Programming/ros2-robot-monitor/build/ros2_robot_monitor': CMAKE_PREFIX_PATH=${CMAKE_PREFIX_PATH}:/opt/ros/jazzy DEBUGINFOD_URLS=https://debuginfod.ubuntu.com /usr/bin/cmake --build /home/dingo/Programming/ros2-robot-monitor/build/ros2_robot_monitor -- -j12 -l12
[0.066s] [ 25%] Building CXX object CMakeFiles/ros2_monitor.dir/src/topic_monitor.cpp.o
[26.984s] [ 50%] Linking CXX executable ros2_monitor
[28.501s] [100%] Built target ros2_monitor
[28.513s] Invoked command in '/home/dingo/Programming/ros2-robot-monitor/build/ros2_robot_monitor' returned '0': CMAKE_PREFIX_PATH=${CMAKE_PREFIX_PATH}:/opt/ros/jazzy DEBUGINFOD_URLS=https://debuginfod.ubuntu.com /usr/bin/cmake --build /home/dingo/Programming/ros2-robot-monitor/build/ros2_robot_monitor -- -j12 -l12
[28.522s] Invoking command in '/home/dingo/Programming/ros2-robot-monitor/build/ros2_robot_monitor': CMAKE_PREFIX_PATH=${CMAKE_PREFIX_PATH}:/opt/ros/jazzy DEBUGINFOD_URLS=https://debuginfod.ubuntu.com /usr/bin/cmake --install /home/dingo/Programming/ros2-robot-monitor/build/ros2_robot_monitor
[28.533s] -- Install configuration: ""
[28.533s] -- Installing: /home/dingo/Programming/ros2-robot-monitor/install/ros2_robot_monitor/lib/ros2_robot_monitor/ros2_monitor
[28.571s] -- Set non-toolchain portion of runtime path of "/home/dingo/Programming/ros2-robot-monitor/install/ros2_robot_monitor/lib/ros2_robot_monitor/ros2_monitor" to ""
[28.571s] -- Up-to-date: /home/dingo/Programming/ros2-robot-monitor/install/ros2_robot_monitor/share/ament_index/resource_index/package_run_dependencies/ros2_robot_monitor
[28.571s] -- Up-to-date: /home/dingo/Programming/ros2-robot-monitor/install/ros2_robot_monitor/share/ament_index/resource_index/parent_prefix_path/ros2_robot_monitor
[28.572s] -- Up-to-date: /home/dingo/Programming/ros2-robot-monitor/install/ros2_robot_monitor/share/ros2_robot_monitor/environment/ament_prefix_path.sh
[28.572s] -- Up-to-date: /home/dingo/Programming/ros2-robot-monitor/install/ros2_robot_monitor/share/ros2_robot_monitor/environment/ament_prefix_path.dsv
[28.572s] -- Up-to-date: /home/dingo/Programming/ros2-robot-monitor/install/ros2_robot_monitor/share/ros2_robot_monitor/environment/path.sh
[28.572s] -- Up-to-date: /home/dingo/Programming/ros2-robot-monitor/install/ros2_robot_monitor/share/ros2_robot_monitor/environment/path.dsv
[28.572s] -- Up-to-date: /home/dingo/Programming/ros2-robot-monitor/install/ros2_robot_monitor/share/ros2_robot_monitor/local_setup.bash
[28.572s] -- Up-to-date: /home/dingo/Programming/ros2-robot-monitor/install/ros2_robot_monitor/share/ros2_robot_monitor/local_setup.sh
[28.572s] -- Up-to-date: /home/dingo/Programming/ros2-robot-monitor/install/ros2_robot_monitor/share/ros2_robot_monitor/local_setup.zsh
[28.572s] -- Up-to-date: /home/dingo/Programming/ros2-robot-monitor/install/ros2_robot_monitor/share/ros2_robot_monitor/local_setup.dsv
[28.572s] -- Installing: /home/dingo/Programming/ros2-robot-monitor/install/ros2_robot_monitor/share/ros2_robot_monitor/package.dsv
[28.572s] -- Up-to-date: /home/dingo/Programming/ros2-robot-monitor/install/ros2_robot_monitor/share/ament_index/resource_index/packages/ros2_robot_monitor
[28.572s] -- Up-to-date: /home/dingo/Programming/ros2-robot-monitor/install/ros2_robot_monitor/share/ros2_robot_monitor/cmake/ros2_robot_monitorConfig.cmake
[28.572s] -- Up-to-date: /home/dingo/Programming/ros2-robot-monitor/install/ros2_robot_monitor/share/ros2_robot_monitor/cmake/ros2_robot_monitorConfig-version.cmake
[28.572s] -- Up-to-date: /home/dingo/Programming/ros2-robot-monitor/install/ros2_robot_monitor/share/ros2_robot_monitor/package.xml
[28.575s] Invoked command in '/home/dingo/Programming/ros2-robot-monitor/build/ros2_robot_monitor' returned '0': CMAKE_PREFIX_PATH=${CMAKE_PREFIX_PATH}:/opt/ros/jazzy DEBUGINFOD_URLS=https://debuginfod.ubuntu.com /usr/bin/cmake --install /home/dingo/Programming/ros2-robot-monitor/build/ros2_robot_monitor
