[0.009s] Invoking command in '/home/dingo/Programming/ros2-robot-monitor/build/ros2_robot_monitor': DEBUGINFOD_URLS=https://debuginfod.ubuntu.com /usr/bin/cmake /home/dingo/Programming/ros2-robot-monitor -DCMAKE_INSTALL_PREFIX=/home/dingo/Programming/ros2-robot-monitor/install/ros2_robot_monitor
[0.032s] CMake Error at CMakeLists.txt:9 (find_package):
[0.032s]   By not providing "Findament_cmake.cmake" in CMAKE_MODULE_PATH this project
[0.032s]   has asked CMake to find a package configuration file provided by
[0.032s]   "ament_cmake", but CMake did not find one.
[0.032s] 
[0.033s]   Could not find a package configuration file provided by "ament_cmake" with
[0.033s]   any of the following names:
[0.033s] 
[0.033s]     ament_cmakeConfig.cmake
[0.033s]     ament_cmake-config.cmake
[0.033s] 
[0.033s]   Add the installation prefix of "ament_cmake" to CMAKE_PREFIX_PATH or set
[0.033s]   "ament_cmake_DIR" to a directory containing one of the above files.  If
[0.033s]   "ament_cmake" provides a separate development package or SDK, be sure it
[0.033s]   has been installed.
[0.033s] 
[0.033s] 
[0.033s] -- Configuring incomplete, errors occurred!
[0.035s] Invoked command in '/home/dingo/Programming/ros2-robot-monitor/build/ros2_robot_monitor' returned '1': DEBUGINFOD_URLS=https://debuginfod.ubuntu.com /usr/bin/cmake /home/dingo/Programming/ros2-robot-monitor -DCMAKE_INSTALL_PREFIX=/home/dingo/Programming/ros2-robot-monitor/install/ros2_robot_monitor
